<?xml version="1.0" encoding="UTF-8"?>
<!-- Generated by org.testng.reporters.JUnitReportReporter -->
<testsuite skipped="0" hostname="Arche-ITD042" name="com.inetBanking.testCases.TC_LoginTest_002" tests="1" failures="0" timestamp="2020-01-17T15:28:20 IST" time="1.499" errors="0">
  <testcase name="loginTest" time="1.499" classname="com.inetBanking.testCases.TC_LoginTest_002"/>
</testsuite> <!-- com.inetBanking.testCases.TC_LoginTest_002 -->
